2021-03-02 22:39:54,155 [Worker-0: Loading available Gradle versions] INFO  o.e.b.c.i.u.g.PublishedGradleVersions - Gradle version information cache is up-to-date. Trying to read.
2021-03-03 09:17:23,219 [Worker-0: Loading available Gradle versions] INFO  o.e.b.c.i.u.g.PublishedGradleVersions - Gradle version information cache is up-to-date. Trying to read.
2021-03-03 09:22:09,163 [Worker-21: Creating maven-archetype-webapp] INFO  o.e.m.c.i.p.ProjectConfigurationManager - Collecting project info '/pom.xml' E:\Accolite\SAU-Feb-Batch-2\SpringMVC-Afternoon\order_mgmt\pom.xml
2021-03-03 09:22:17,183 [Worker-21: Creating maven-archetype-webapp] INFO  o.e.m.c.i.l.LifecycleMappingFactory - Using org.maven.ide.eclipse.wtp.WarLifecycleMapping lifecycle mapping for MavenProject: com.rajesh:order_mgmt:0.0.1-SNAPSHOT @ E:\Accolite\SAU-Feb-Batch-2\SpringMVC-Afternoon\order_mgmt\pom.xml.
2021-03-03 09:22:22,856 [Worker-21: Creating maven-archetype-webapp] INFO  o.e.m.j.i.AbstractJavaProjectConfigurator - Adding source folder /order_mgmt/src/main/java
2021-03-03 09:22:22,856 [Worker-21: Creating maven-archetype-webapp] INFO  o.e.m.j.i.AbstractJavaProjectConfigurator - Adding source folder /order_mgmt/src/test/java
2021-03-03 09:22:27,562 [Worker-21: Creating maven-archetype-webapp] INFO  o.e.m.c.i.p.ProjectConfigurationManager - Imported and configured 1 project(s) in 18 sec
2021-03-03 09:22:32,021 [Worker-25: Building] INFO  o.e.m.c.i.embedder.EclipseLogger - Using 'UTF-8' encoding to copy filtered resources.
2021-03-03 09:22:32,022 [Worker-25: Building] INFO  o.e.m.c.i.embedder.EclipseLogger - skip non existing resourceDirectory E:\Accolite\SAU-Feb-Batch-2\SpringMVC-Afternoon\order_mgmt\src\main\resources
2021-03-03 09:22:32,026 [Worker-25: Building] INFO  o.e.m.c.i.embedder.EclipseLogger - Using 'UTF-8' encoding to copy filtered resources.
2021-03-03 09:22:32,026 [Worker-25: Building] INFO  o.e.m.c.i.embedder.EclipseLogger - skip non existing resourceDirectory E:\Accolite\SAU-Feb-Batch-2\SpringMVC-Afternoon\order_mgmt\src\test\resources
2021-03-03 09:23:37,841 [Worker-21: Creating maven-archetype-webapp] INFO  o.e.m.c.i.p.ProjectConfigurationManager - Collecting project info '/pom.xml' E:\Accolite\SAU-Feb-Batch-2\SpringMVC-Afternoon\ordermgmt\pom.xml
2021-03-03 09:23:38,205 [Worker-21: Creating maven-archetype-webapp] INFO  o.e.m.c.i.l.LifecycleMappingFactory - Using org.maven.ide.eclipse.wtp.WarLifecycleMapping lifecycle mapping for MavenProject: com.rajesh:ordermgmt:0.0.1-SNAPSHOT @ E:\Accolite\SAU-Feb-Batch-2\SpringMVC-Afternoon\ordermgmt\pom.xml.
2021-03-03 09:23:38,668 [Worker-21: Creating maven-archetype-webapp] INFO  o.e.m.j.i.AbstractJavaProjectConfigurator - Adding source folder /ordermgmt/src/main/java
2021-03-03 09:23:38,668 [Worker-21: Creating maven-archetype-webapp] INFO  o.e.m.j.i.AbstractJavaProjectConfigurator - Adding source folder /ordermgmt/src/test/java
2021-03-03 09:23:39,581 [Worker-21: Creating maven-archetype-webapp] INFO  o.e.m.c.i.p.ProjectConfigurationManager - Imported and configured 1 project(s) in 1 sec
2021-03-03 09:23:40,121 [Worker-25: Building] INFO  o.e.m.c.i.embedder.EclipseLogger - Using 'UTF-8' encoding to copy filtered resources.
2021-03-03 09:23:40,121 [Worker-25: Building] INFO  o.e.m.c.i.embedder.EclipseLogger - skip non existing resourceDirectory E:\Accolite\SAU-Feb-Batch-2\SpringMVC-Afternoon\ordermgmt\src\main\resources
2021-03-03 09:23:40,123 [Worker-25: Building] INFO  o.e.m.c.i.embedder.EclipseLogger - Using 'UTF-8' encoding to copy filtered resources.
2021-03-03 09:23:40,123 [Worker-25: Building] INFO  o.e.m.c.i.embedder.EclipseLogger - skip non existing resourceDirectory E:\Accolite\SAU-Feb-Batch-2\SpringMVC-Afternoon\ordermgmt\src\test\resources
2021-03-03 09:24:30,737 [Worker-27: Building] INFO  o.e.m.c.i.embedder.EclipseLogger - Using 'UTF-8' encoding to copy filtered resources.
2021-03-03 09:24:30,737 [Worker-27: Building] INFO  o.e.m.c.i.embedder.EclipseLogger - skip non existing resourceDirectory E:\Accolite\SAU-Feb-Batch-2\SpringMVC-Afternoon\ordermgmt\src\main\resources
2021-03-03 09:24:30,738 [Worker-27: Building] INFO  o.e.m.c.i.embedder.EclipseLogger - Using 'UTF-8' encoding to copy filtered resources.
2021-03-03 09:24:30,739 [Worker-27: Building] INFO  o.e.m.c.i.embedder.EclipseLogger - skip non existing resourceDirectory E:\Accolite\SAU-Feb-Batch-2\SpringMVC-Afternoon\ordermgmt\src\test\resources
2021-03-03 09:25:51,886 [Worker-22: Building] INFO  o.e.m.c.i.l.LifecycleMappingFactory - Using org.maven.ide.eclipse.wtp.WarLifecycleMapping lifecycle mapping for MavenProject: com.rajesh:ordermgmt:0.0.1-SNAPSHOT @ E:\Accolite\SAU-Feb-Batch-2\SpringMVC-Afternoon\ordermgmt\pom.xml.
2021-03-03 09:25:52,504 [Worker-22: Building] INFO  o.e.m.c.i.embedder.EclipseLogger - Using 'UTF-8' encoding to copy filtered resources.
2021-03-03 09:25:52,504 [Worker-22: Building] INFO  o.e.m.c.i.embedder.EclipseLogger - skip non existing resourceDirectory E:\Accolite\SAU-Feb-Batch-2\SpringMVC-Afternoon\ordermgmt\src\main\resources
2021-03-03 09:25:52,506 [Worker-22: Building] INFO  o.e.m.c.i.embedder.EclipseLogger - Using 'UTF-8' encoding to copy filtered resources.
2021-03-03 09:25:52,506 [Worker-22: Building] INFO  o.e.m.c.i.embedder.EclipseLogger - skip non existing resourceDirectory E:\Accolite\SAU-Feb-Batch-2\SpringMVC-Afternoon\ordermgmt\src\test\resources
2021-03-03 09:25:52,506 [Worker-22: Building] INFO  o.e.m.w.i.f.ResourceFilteringBuildParticipant - Changed resources require a complete clean of filtered resources of ordermgmt
2021-03-03 09:25:52,507 [Worker-22: Building] INFO  o.e.m.w.i.f.ResourceFilteringBuildParticipant - Executing resource filtering for ordermgmt
2021-03-03 09:25:52,510 [Worker-22: Building] INFO  o.e.m.c.i.embedder.EclipseLogger - Using 'UTF-8' encoding to copy filtered resources.
2021-03-03 09:25:52,734 [Worker-22: Building] INFO  o.e.m.c.i.embedder.EclipseLogger - Using 'UTF-8' encoding to copy filtered resources.
2021-03-03 09:25:52,735 [Worker-22: Building] INFO  o.e.m.c.i.embedder.EclipseLogger - skip non existing resourceDirectory E:\Accolite\SAU-Feb-Batch-2\SpringMVC-Afternoon\ordermgmt\src\main\resources
2021-03-03 09:25:52,736 [Worker-22: Building] INFO  o.e.m.c.i.embedder.EclipseLogger - Using 'UTF-8' encoding to copy filtered resources.
2021-03-03 09:25:52,736 [Worker-22: Building] INFO  o.e.m.c.i.embedder.EclipseLogger - skip non existing resourceDirectory E:\Accolite\SAU-Feb-Batch-2\SpringMVC-Afternoon\ordermgmt\src\test\resources
2021-03-03 09:29:12,826 [Worker-30: Building] INFO  o.e.m.c.i.embedder.EclipseLogger - Using 'UTF-8' encoding to copy filtered resources.
2021-03-03 09:29:12,826 [Worker-30: Building] INFO  o.e.m.c.i.embedder.EclipseLogger - skip non existing resourceDirectory E:\Accolite\SAU-Feb-Batch-2\SpringMVC-Afternoon\ordermgmt\src\main\resources
2021-03-03 09:29:12,827 [Worker-30: Building] INFO  o.e.m.c.i.embedder.EclipseLogger - Using 'UTF-8' encoding to copy filtered resources.
2021-03-03 09:29:12,827 [Worker-30: Building] INFO  o.e.m.c.i.embedder.EclipseLogger - skip non existing resourceDirectory E:\Accolite\SAU-Feb-Batch-2\SpringMVC-Afternoon\ordermgmt\src\test\resources
2021-03-03 09:29:26,024 [Worker-35: Building] INFO  o.e.m.c.i.embedder.EclipseLogger - Using 'UTF-8' encoding to copy filtered resources.
2021-03-03 09:29:26,024 [Worker-35: Building] INFO  o.e.m.c.i.embedder.EclipseLogger - skip non existing resourceDirectory E:\Accolite\SAU-Feb-Batch-2\SpringMVC-Afternoon\ordermgmt\src\main\resources
2021-03-03 09:29:26,025 [Worker-35: Building] INFO  o.e.m.c.i.embedder.EclipseLogger - Using 'UTF-8' encoding to copy filtered resources.
2021-03-03 09:29:26,025 [Worker-35: Building] INFO  o.e.m.c.i.embedder.EclipseLogger - skip non existing resourceDirectory E:\Accolite\SAU-Feb-Batch-2\SpringMVC-Afternoon\ordermgmt\src\test\resources
2021-03-03 09:30:24,155 [Worker-27: Building] INFO  o.e.m.c.i.embedder.EclipseLogger - Using 'UTF-8' encoding to copy filtered resources.
2021-03-03 09:30:24,155 [Worker-27: Building] INFO  o.e.m.c.i.embedder.EclipseLogger - skip non existing resourceDirectory E:\Accolite\SAU-Feb-Batch-2\SpringMVC-Afternoon\ordermgmt\src\main\resources
2021-03-03 09:30:24,158 [Worker-27: Building] INFO  o.e.m.c.i.embedder.EclipseLogger - Using 'UTF-8' encoding to copy filtered resources.
2021-03-03 09:30:24,158 [Worker-27: Building] INFO  o.e.m.c.i.embedder.EclipseLogger - skip non existing resourceDirectory E:\Accolite\SAU-Feb-Batch-2\SpringMVC-Afternoon\ordermgmt\src\test\resources
2021-03-03 09:30:37,036 [Worker-27: Building] INFO  o.e.m.c.i.embedder.EclipseLogger - Using 'UTF-8' encoding to copy filtered resources.
2021-03-03 09:30:37,036 [Worker-27: Building] INFO  o.e.m.c.i.embedder.EclipseLogger - skip non existing resourceDirectory E:\Accolite\SAU-Feb-Batch-2\SpringMVC-Afternoon\ordermgmt\src\main\resources
2021-03-03 09:30:37,037 [Worker-27: Building] INFO  o.e.m.c.i.embedder.EclipseLogger - Using 'UTF-8' encoding to copy filtered resources.
2021-03-03 09:30:37,037 [Worker-27: Building] INFO  o.e.m.c.i.embedder.EclipseLogger - skip non existing resourceDirectory E:\Accolite\SAU-Feb-Batch-2\SpringMVC-Afternoon\ordermgmt\src\test\resources
2021-03-03 09:30:47,826 [Worker-28: Building] INFO  o.e.m.c.i.embedder.EclipseLogger - Using 'UTF-8' encoding to copy filtered resources.
2021-03-03 09:30:47,826 [Worker-28: Building] INFO  o.e.m.c.i.embedder.EclipseLogger - skip non existing resourceDirectory E:\Accolite\SAU-Feb-Batch-2\SpringMVC-Afternoon\ordermgmt\src\main\resources
2021-03-03 09:30:47,827 [Worker-28: Building] INFO  o.e.m.c.i.embedder.EclipseLogger - Using 'UTF-8' encoding to copy filtered resources.
2021-03-03 09:30:47,827 [Worker-28: Building] INFO  o.e.m.c.i.embedder.EclipseLogger - skip non existing resourceDirectory E:\Accolite\SAU-Feb-Batch-2\SpringMVC-Afternoon\ordermgmt\src\test\resources
2021-03-03 09:31:04,576 [Worker-31: Building] INFO  o.e.m.c.i.embedder.EclipseLogger - Using 'UTF-8' encoding to copy filtered resources.
2021-03-03 09:31:04,576 [Worker-31: Building] INFO  o.e.m.c.i.embedder.EclipseLogger - skip non existing resourceDirectory E:\Accolite\SAU-Feb-Batch-2\SpringMVC-Afternoon\ordermgmt\src\main\resources
2021-03-03 09:31:04,577 [Worker-31: Building] INFO  o.e.m.c.i.embedder.EclipseLogger - Using 'UTF-8' encoding to copy filtered resources.
2021-03-03 09:31:04,577 [Worker-31: Building] INFO  o.e.m.c.i.embedder.EclipseLogger - skip non existing resourceDirectory E:\Accolite\SAU-Feb-Batch-2\SpringMVC-Afternoon\ordermgmt\src\test\resources
2021-03-03 09:33:11,723 [Worker-33: Building] INFO  o.e.m.c.i.embedder.EclipseLogger - Using 'UTF-8' encoding to copy filtered resources.
2021-03-03 09:33:11,724 [Worker-33: Building] INFO  o.e.m.c.i.embedder.EclipseLogger - skip non existing resourceDirectory E:\Accolite\SAU-Feb-Batch-2\SpringMVC-Afternoon\ordermgmt\src\main\resources
2021-03-03 09:33:11,727 [Worker-33: Building] INFO  o.e.m.c.i.embedder.EclipseLogger - Using 'UTF-8' encoding to copy filtered resources.
2021-03-03 09:33:11,727 [Worker-33: Building] INFO  o.e.m.c.i.embedder.EclipseLogger - skip non existing resourceDirectory E:\Accolite\SAU-Feb-Batch-2\SpringMVC-Afternoon\ordermgmt\src\test\resources
2021-03-03 09:33:12,826 [Worker-31: Building] INFO  o.e.m.c.i.embedder.EclipseLogger - Using 'UTF-8' encoding to copy filtered resources.
2021-03-03 09:33:12,826 [Worker-31: Building] INFO  o.e.m.c.i.embedder.EclipseLogger - skip non existing resourceDirectory E:\Accolite\SAU-Feb-Batch-2\SpringMVC-Afternoon\ordermgmt\src\main\resources
2021-03-03 09:33:12,827 [Worker-31: Building] INFO  o.e.m.c.i.embedder.EclipseLogger - Using 'UTF-8' encoding to copy filtered resources.
2021-03-03 09:33:12,828 [Worker-31: Building] INFO  o.e.m.c.i.embedder.EclipseLogger - skip non existing resourceDirectory E:\Accolite\SAU-Feb-Batch-2\SpringMVC-Afternoon\ordermgmt\src\test\resources
2021-03-03 09:33:37,429 [Worker-31: Building] INFO  o.e.m.c.i.embedder.EclipseLogger - Using 'UTF-8' encoding to copy filtered resources.
2021-03-03 09:33:37,429 [Worker-31: Building] INFO  o.e.m.c.i.embedder.EclipseLogger - skip non existing resourceDirectory E:\Accolite\SAU-Feb-Batch-2\SpringMVC-Afternoon\ordermgmt\src\main\resources
2021-03-03 09:33:37,431 [Worker-31: Building] INFO  o.e.m.c.i.embedder.EclipseLogger - Using 'UTF-8' encoding to copy filtered resources.
2021-03-03 09:33:37,431 [Worker-31: Building] INFO  o.e.m.c.i.embedder.EclipseLogger - skip non existing resourceDirectory E:\Accolite\SAU-Feb-Batch-2\SpringMVC-Afternoon\ordermgmt\src\test\resources
2021-03-03 09:34:12,300 [Worker-36: Building] INFO  o.e.m.c.i.embedder.EclipseLogger - Using 'UTF-8' encoding to copy filtered resources.
2021-03-03 09:34:12,300 [Worker-36: Building] INFO  o.e.m.c.i.embedder.EclipseLogger - skip non existing resourceDirectory E:\Accolite\SAU-Feb-Batch-2\SpringMVC-Afternoon\ordermgmt\src\main\resources
2021-03-03 09:34:12,300 [Worker-36: Building] INFO  o.e.m.c.i.embedder.EclipseLogger - Using 'UTF-8' encoding to copy filtered resources.
2021-03-03 09:34:12,301 [Worker-36: Building] INFO  o.e.m.c.i.embedder.EclipseLogger - skip non existing resourceDirectory E:\Accolite\SAU-Feb-Batch-2\SpringMVC-Afternoon\ordermgmt\src\test\resources
2021-03-03 09:34:40,943 [Worker-29: Building] INFO  o.e.m.c.i.embedder.EclipseLogger - Using 'UTF-8' encoding to copy filtered resources.
2021-03-03 09:34:40,943 [Worker-29: Building] INFO  o.e.m.c.i.embedder.EclipseLogger - skip non existing resourceDirectory E:\Accolite\SAU-Feb-Batch-2\SpringMVC-Afternoon\ordermgmt\src\main\resources
2021-03-03 09:34:40,945 [Worker-29: Building] INFO  o.e.m.c.i.embedder.EclipseLogger - Using 'UTF-8' encoding to copy filtered resources.
2021-03-03 09:34:40,945 [Worker-29: Building] INFO  o.e.m.c.i.embedder.EclipseLogger - skip non existing resourceDirectory E:\Accolite\SAU-Feb-Batch-2\SpringMVC-Afternoon\ordermgmt\src\test\resources
2021-03-03 09:34:58,197 [Worker-36: Building] INFO  o.e.m.c.i.embedder.EclipseLogger - Using 'UTF-8' encoding to copy filtered resources.
2021-03-03 09:34:58,197 [Worker-36: Building] INFO  o.e.m.c.i.embedder.EclipseLogger - skip non existing resourceDirectory E:\Accolite\SAU-Feb-Batch-2\SpringMVC-Afternoon\ordermgmt\src\main\resources
2021-03-03 09:34:58,198 [Worker-36: Building] INFO  o.e.m.c.i.embedder.EclipseLogger - Using 'UTF-8' encoding to copy filtered resources.
2021-03-03 09:34:58,198 [Worker-36: Building] INFO  o.e.m.c.i.embedder.EclipseLogger - skip non existing resourceDirectory E:\Accolite\SAU-Feb-Batch-2\SpringMVC-Afternoon\ordermgmt\src\test\resources
2021-03-03 09:35:13,949 [Worker-29: Building] INFO  o.e.m.c.i.embedder.EclipseLogger - Using 'UTF-8' encoding to copy filtered resources.
2021-03-03 09:35:13,949 [Worker-29: Building] INFO  o.e.m.c.i.embedder.EclipseLogger - skip non existing resourceDirectory E:\Accolite\SAU-Feb-Batch-2\SpringMVC-Afternoon\ordermgmt\src\main\resources
2021-03-03 09:35:13,950 [Worker-29: Building] INFO  o.e.m.c.i.embedder.EclipseLogger - Using 'UTF-8' encoding to copy filtered resources.
2021-03-03 09:35:13,950 [Worker-29: Building] INFO  o.e.m.c.i.embedder.EclipseLogger - skip non existing resourceDirectory E:\Accolite\SAU-Feb-Batch-2\SpringMVC-Afternoon\ordermgmt\src\test\resources
2021-03-03 09:35:38,406 [Worker-38: Building] INFO  o.e.m.c.i.embedder.EclipseLogger - Using 'UTF-8' encoding to copy filtered resources.
2021-03-03 09:35:38,406 [Worker-38: Building] INFO  o.e.m.c.i.embedder.EclipseLogger - skip non existing resourceDirectory E:\Accolite\SAU-Feb-Batch-2\SpringMVC-Afternoon\ordermgmt\src\main\resources
2021-03-03 09:35:38,407 [Worker-38: Building] INFO  o.e.m.c.i.embedder.EclipseLogger - Using 'UTF-8' encoding to copy filtered resources.
2021-03-03 09:35:38,408 [Worker-38: Building] INFO  o.e.m.c.i.embedder.EclipseLogger - skip non existing resourceDirectory E:\Accolite\SAU-Feb-Batch-2\SpringMVC-Afternoon\ordermgmt\src\test\resources
2021-03-03 09:36:09,756 [Worker-31: Building] INFO  o.e.m.c.i.embedder.EclipseLogger - Using 'UTF-8' encoding to copy filtered resources.
2021-03-03 09:36:09,756 [Worker-31: Building] INFO  o.e.m.c.i.embedder.EclipseLogger - skip non existing resourceDirectory E:\Accolite\SAU-Feb-Batch-2\SpringMVC-Afternoon\ordermgmt\src\main\resources
2021-03-03 09:36:09,757 [Worker-31: Building] INFO  o.e.m.c.i.embedder.EclipseLogger - Using 'UTF-8' encoding to copy filtered resources.
2021-03-03 09:36:09,757 [Worker-31: Building] INFO  o.e.m.c.i.embedder.EclipseLogger - skip non existing resourceDirectory E:\Accolite\SAU-Feb-Batch-2\SpringMVC-Afternoon\ordermgmt\src\test\resources
2021-03-03 09:39:02,356 [Worker-31: Building] INFO  o.e.m.c.i.embedder.EclipseLogger - Using 'UTF-8' encoding to copy filtered resources.
2021-03-03 09:39:02,356 [Worker-31: Building] INFO  o.e.m.c.i.embedder.EclipseLogger - skip non existing resourceDirectory E:\Accolite\SAU-Feb-Batch-2\SpringMVC-Afternoon\ordermgmt\src\main\resources
2021-03-03 09:39:02,358 [Worker-31: Building] INFO  o.e.m.c.i.embedder.EclipseLogger - Using 'UTF-8' encoding to copy filtered resources.
2021-03-03 09:39:02,358 [Worker-31: Building] INFO  o.e.m.c.i.embedder.EclipseLogger - skip non existing resourceDirectory E:\Accolite\SAU-Feb-Batch-2\SpringMVC-Afternoon\ordermgmt\src\test\resources
2021-03-03 09:39:41,364 [Worker-40: Building] INFO  o.e.m.c.i.embedder.EclipseLogger - Using 'UTF-8' encoding to copy filtered resources.
2021-03-03 09:39:41,364 [Worker-40: Building] INFO  o.e.m.c.i.embedder.EclipseLogger - skip non existing resourceDirectory E:\Accolite\SAU-Feb-Batch-2\SpringMVC-Afternoon\ordermgmt\src\main\resources
2021-03-03 09:39:41,365 [Worker-40: Building] INFO  o.e.m.c.i.embedder.EclipseLogger - Using 'UTF-8' encoding to copy filtered resources.
2021-03-03 09:39:41,365 [Worker-40: Building] INFO  o.e.m.c.i.embedder.EclipseLogger - skip non existing resourceDirectory E:\Accolite\SAU-Feb-Batch-2\SpringMVC-Afternoon\ordermgmt\src\test\resources
2021-03-03 09:40:04,104 [Worker-33: Building] INFO  o.e.m.c.i.embedder.EclipseLogger - Using 'UTF-8' encoding to copy filtered resources.
2021-03-03 09:40:04,105 [Worker-33: Building] INFO  o.e.m.c.i.embedder.EclipseLogger - skip non existing resourceDirectory E:\Accolite\SAU-Feb-Batch-2\SpringMVC-Afternoon\ordermgmt\src\main\resources
2021-03-03 09:40:04,105 [Worker-33: Building] INFO  o.e.m.c.i.embedder.EclipseLogger - Using 'UTF-8' encoding to copy filtered resources.
2021-03-03 09:40:04,105 [Worker-33: Building] INFO  o.e.m.c.i.embedder.EclipseLogger - skip non existing resourceDirectory E:\Accolite\SAU-Feb-Batch-2\SpringMVC-Afternoon\ordermgmt\src\test\resources
2021-03-03 09:40:36,574 [Worker-33: Building] INFO  o.e.m.c.i.embedder.EclipseLogger - Using 'UTF-8' encoding to copy filtered resources.
2021-03-03 09:40:36,574 [Worker-33: Building] INFO  o.e.m.c.i.embedder.EclipseLogger - skip non existing resourceDirectory E:\Accolite\SAU-Feb-Batch-2\SpringMVC-Afternoon\ordermgmt\src\main\resources
2021-03-03 09:40:36,575 [Worker-33: Building] INFO  o.e.m.c.i.embedder.EclipseLogger - Using 'UTF-8' encoding to copy filtered resources.
2021-03-03 09:40:36,575 [Worker-33: Building] INFO  o.e.m.c.i.embedder.EclipseLogger - skip non existing resourceDirectory E:\Accolite\SAU-Feb-Batch-2\SpringMVC-Afternoon\ordermgmt\src\test\resources
2021-03-03 09:41:44,965 [Worker-43: Building] INFO  o.e.m.c.i.embedder.EclipseLogger - Using 'UTF-8' encoding to copy filtered resources.
2021-03-03 09:41:44,966 [Worker-43: Building] INFO  o.e.m.c.i.embedder.EclipseLogger - skip non existing resourceDirectory E:\Accolite\SAU-Feb-Batch-2\SpringMVC-Afternoon\ordermgmt\src\main\resources
2021-03-03 09:41:44,966 [Worker-43: Building] INFO  o.e.m.c.i.embedder.EclipseLogger - Using 'UTF-8' encoding to copy filtered resources.
2021-03-03 09:41:44,966 [Worker-43: Building] INFO  o.e.m.c.i.embedder.EclipseLogger - skip non existing resourceDirectory E:\Accolite\SAU-Feb-Batch-2\SpringMVC-Afternoon\ordermgmt\src\test\resources
2021-03-03 09:42:37,628 [Worker-33: Building] INFO  o.e.m.c.i.embedder.EclipseLogger - Using 'UTF-8' encoding to copy filtered resources.
2021-03-03 09:42:37,628 [Worker-33: Building] INFO  o.e.m.c.i.embedder.EclipseLogger - skip non existing resourceDirectory E:\Accolite\SAU-Feb-Batch-2\SpringMVC-Afternoon\ordermgmt\src\main\resources
2021-03-03 09:42:37,630 [Worker-33: Building] INFO  o.e.m.c.i.embedder.EclipseLogger - Using 'UTF-8' encoding to copy filtered resources.
2021-03-03 09:42:37,630 [Worker-33: Building] INFO  o.e.m.c.i.embedder.EclipseLogger - skip non existing resourceDirectory E:\Accolite\SAU-Feb-Batch-2\SpringMVC-Afternoon\ordermgmt\src\test\resources
2021-03-03 09:43:00,187 [Worker-31: Building] INFO  o.e.m.c.i.embedder.EclipseLogger - Using 'UTF-8' encoding to copy filtered resources.
2021-03-03 09:43:00,188 [Worker-31: Building] INFO  o.e.m.c.i.embedder.EclipseLogger - skip non existing resourceDirectory E:\Accolite\SAU-Feb-Batch-2\SpringMVC-Afternoon\ordermgmt\src\main\resources
2021-03-03 09:43:00,188 [Worker-31: Building] INFO  o.e.m.c.i.embedder.EclipseLogger - Using 'UTF-8' encoding to copy filtered resources.
2021-03-03 09:43:00,188 [Worker-31: Building] INFO  o.e.m.c.i.embedder.EclipseLogger - skip non existing resourceDirectory E:\Accolite\SAU-Feb-Batch-2\SpringMVC-Afternoon\ordermgmt\src\test\resources
2021-03-03 10:08:28,771 [Worker-47: Building] INFO  o.e.m.c.i.embedder.EclipseLogger - Using 'UTF-8' encoding to copy filtered resources.
2021-03-03 10:08:28,771 [Worker-47: Building] INFO  o.e.m.c.i.embedder.EclipseLogger - skip non existing resourceDirectory E:\Accolite\SAU-Feb-Batch-2\SpringMVC-Afternoon\ordermgmt\src\main\resources
2021-03-03 10:08:28,773 [Worker-47: Building] INFO  o.e.m.c.i.embedder.EclipseLogger - Using 'UTF-8' encoding to copy filtered resources.
2021-03-03 10:08:28,773 [Worker-47: Building] INFO  o.e.m.c.i.embedder.EclipseLogger - skip non existing resourceDirectory E:\Accolite\SAU-Feb-Batch-2\SpringMVC-Afternoon\ordermgmt\src\test\resources
2021-03-03 10:26:11,445 [Worker-58: Building] INFO  o.e.m.c.i.embedder.EclipseLogger - Using 'UTF-8' encoding to copy filtered resources.
2021-03-03 10:26:11,446 [Worker-58: Building] INFO  o.e.m.c.i.embedder.EclipseLogger - skip non existing resourceDirectory E:\Accolite\SAU-Feb-Batch-2\SpringMVC-Afternoon\ordermgmt\src\main\resources
2021-03-03 10:26:11,447 [Worker-58: Building] INFO  o.e.m.c.i.embedder.EclipseLogger - Using 'UTF-8' encoding to copy filtered resources.
2021-03-03 10:26:11,447 [Worker-58: Building] INFO  o.e.m.c.i.embedder.EclipseLogger - skip non existing resourceDirectory E:\Accolite\SAU-Feb-Batch-2\SpringMVC-Afternoon\ordermgmt\src\test\resources
2021-03-03 10:26:28,123 [Worker-60: Building] INFO  o.e.m.c.i.embedder.EclipseLogger - Using 'UTF-8' encoding to copy filtered resources.
2021-03-03 10:26:28,123 [Worker-60: Building] INFO  o.e.m.c.i.embedder.EclipseLogger - skip non existing resourceDirectory E:\Accolite\SAU-Feb-Batch-2\SpringMVC-Afternoon\ordermgmt\src\main\resources
2021-03-03 10:26:28,124 [Worker-60: Building] INFO  o.e.m.c.i.embedder.EclipseLogger - Using 'UTF-8' encoding to copy filtered resources.
2021-03-03 10:26:28,124 [Worker-60: Building] INFO  o.e.m.c.i.embedder.EclipseLogger - skip non existing resourceDirectory E:\Accolite\SAU-Feb-Batch-2\SpringMVC-Afternoon\ordermgmt\src\test\resources
2021-03-03 10:26:51,288 [Worker-60: Building] INFO  o.e.m.c.i.embedder.EclipseLogger - Using 'UTF-8' encoding to copy filtered resources.
2021-03-03 10:26:51,288 [Worker-60: Building] INFO  o.e.m.c.i.embedder.EclipseLogger - skip non existing resourceDirectory E:\Accolite\SAU-Feb-Batch-2\SpringMVC-Afternoon\ordermgmt\src\main\resources
2021-03-03 10:26:51,289 [Worker-60: Building] INFO  o.e.m.c.i.embedder.EclipseLogger - Using 'UTF-8' encoding to copy filtered resources.
2021-03-03 10:26:51,289 [Worker-60: Building] INFO  o.e.m.c.i.embedder.EclipseLogger - skip non existing resourceDirectory E:\Accolite\SAU-Feb-Batch-2\SpringMVC-Afternoon\ordermgmt\src\test\resources
2021-03-03 10:37:19,699 [Worker-59: Building] INFO  o.e.m.c.i.embedder.EclipseLogger - Using 'UTF-8' encoding to copy filtered resources.
2021-03-03 10:37:19,699 [Worker-59: Building] INFO  o.e.m.c.i.embedder.EclipseLogger - skip non existing resourceDirectory E:\Accolite\SAU-Feb-Batch-2\SpringMVC-Afternoon\ordermgmt\src\main\resources
2021-03-03 10:37:19,700 [Worker-59: Building] INFO  o.e.m.c.i.embedder.EclipseLogger - Using 'UTF-8' encoding to copy filtered resources.
2021-03-03 10:37:19,700 [Worker-59: Building] INFO  o.e.m.c.i.embedder.EclipseLogger - skip non existing resourceDirectory E:\Accolite\SAU-Feb-Batch-2\SpringMVC-Afternoon\ordermgmt\src\test\resources
2021-03-03 10:44:39,148 [Worker-67: Building] INFO  o.e.m.c.i.embedder.EclipseLogger - Using 'UTF-8' encoding to copy filtered resources.
2021-03-03 10:44:39,148 [Worker-67: Building] INFO  o.e.m.c.i.embedder.EclipseLogger - skip non existing resourceDirectory E:\Accolite\SAU-Feb-Batch-2\SpringMVC-Afternoon\ordermgmt\src\main\resources
2021-03-03 10:44:39,149 [Worker-67: Building] INFO  o.e.m.c.i.embedder.EclipseLogger - Using 'UTF-8' encoding to copy filtered resources.
2021-03-03 10:44:39,149 [Worker-67: Building] INFO  o.e.m.c.i.embedder.EclipseLogger - skip non existing resourceDirectory E:\Accolite\SAU-Feb-Batch-2\SpringMVC-Afternoon\ordermgmt\src\test\resources
2021-03-03 10:46:49,209 [Worker-70: Building] INFO  o.e.m.c.i.embedder.EclipseLogger - Using 'UTF-8' encoding to copy filtered resources.
2021-03-03 10:46:49,218 [Worker-70: Building] INFO  o.e.m.c.i.embedder.EclipseLogger - skip non existing resourceDirectory E:\Accolite\SAU-Feb-Batch-2\SpringMVC-Afternoon\ordermgmt\src\main\resources
2021-03-03 10:46:49,220 [Worker-70: Building] INFO  o.e.m.c.i.embedder.EclipseLogger - Using 'UTF-8' encoding to copy filtered resources.
2021-03-03 10:46:49,220 [Worker-70: Building] INFO  o.e.m.c.i.embedder.EclipseLogger - skip non existing resourceDirectory E:\Accolite\SAU-Feb-Batch-2\SpringMVC-Afternoon\ordermgmt\src\test\resources
2021-03-03 10:52:57,768 [Worker-71: Building] INFO  o.e.m.c.i.embedder.EclipseLogger - Using 'UTF-8' encoding to copy filtered resources.
2021-03-03 10:52:57,768 [Worker-71: Building] INFO  o.e.m.c.i.embedder.EclipseLogger - skip non existing resourceDirectory E:\Accolite\SAU-Feb-Batch-2\SpringMVC-Afternoon\ordermgmt\src\main\resources
2021-03-03 10:52:57,769 [Worker-71: Building] INFO  o.e.m.c.i.embedder.EclipseLogger - Using 'UTF-8' encoding to copy filtered resources.
2021-03-03 10:52:57,769 [Worker-71: Building] INFO  o.e.m.c.i.embedder.EclipseLogger - skip non existing resourceDirectory E:\Accolite\SAU-Feb-Batch-2\SpringMVC-Afternoon\ordermgmt\src\test\resources
2021-03-09 20:18:52,380 [Worker-5: Loading available Gradle versions] INFO  o.e.b.c.i.u.g.PublishedGradleVersions - Gradle version information cache is up-to-date. Trying to read.
2021-03-09 20:22:54,452 [Worker-24: Building] INFO  o.e.m.c.i.embedder.EclipseLogger - Using 'UTF-8' encoding to copy filtered resources.
2021-03-09 20:22:54,452 [Worker-24: Building] INFO  o.e.m.c.i.embedder.EclipseLogger - skip non existing resourceDirectory E:\Accolite\SAU-Feb-Batch-2\SpringMVC-Afternoon\ordermgmt\src\main\resources
2021-03-09 20:22:54,460 [Worker-24: Building] INFO  o.e.m.c.i.embedder.EclipseLogger - Using 'UTF-8' encoding to copy filtered resources.
2021-03-09 20:22:54,460 [Worker-24: Building] INFO  o.e.m.c.i.embedder.EclipseLogger - skip non existing resourceDirectory E:\Accolite\SAU-Feb-Batch-2\SpringMVC-Afternoon\ordermgmt\src\test\resources
2021-03-09 20:23:02,345 [Worker-24: Building] INFO  o.e.m.c.i.embedder.EclipseLogger - Using 'UTF-8' encoding to copy filtered resources.
2021-03-09 20:23:02,345 [Worker-24: Building] INFO  o.e.m.c.i.embedder.EclipseLogger - skip non existing resourceDirectory E:\Accolite\SAU-Feb-Batch-2\SpringMVC-Afternoon\ordermgmt\src\main\resources
2021-03-09 20:23:02,346 [Worker-24: Building] INFO  o.e.m.c.i.embedder.EclipseLogger - Using 'UTF-8' encoding to copy filtered resources.
2021-03-09 20:23:02,346 [Worker-24: Building] INFO  o.e.m.c.i.embedder.EclipseLogger - skip non existing resourceDirectory E:\Accolite\SAU-Feb-Batch-2\SpringMVC-Afternoon\ordermgmt\src\test\resources
2021-03-09 20:23:21,905 [Worker-24: Building] INFO  o.e.m.c.i.embedder.EclipseLogger - Using 'UTF-8' encoding to copy filtered resources.
2021-03-09 20:23:21,905 [Worker-24: Building] INFO  o.e.m.c.i.embedder.EclipseLogger - skip non existing resourceDirectory E:\Accolite\SAU-Feb-Batch-2\SpringMVC-Afternoon\ordermgmt\src\main\resources
2021-03-09 20:23:21,926 [Worker-24: Building] INFO  o.e.m.c.i.embedder.EclipseLogger - Using 'UTF-8' encoding to copy filtered resources.
2021-03-09 20:23:21,927 [Worker-24: Building] INFO  o.e.m.c.i.embedder.EclipseLogger - skip non existing resourceDirectory E:\Accolite\SAU-Feb-Batch-2\SpringMVC-Afternoon\ordermgmt\src\test\resources
2021-03-09 20:24:06,292 [Worker-21: Building] INFO  o.e.m.c.i.embedder.EclipseLogger - Using 'UTF-8' encoding to copy filtered resources.
2021-03-09 20:24:06,293 [Worker-21: Building] INFO  o.e.m.c.i.embedder.EclipseLogger - skip non existing resourceDirectory E:\Accolite\SAU-Feb-Batch-2\SpringMVC-Afternoon\ordermgmt\src\main\resources
2021-03-09 20:24:06,293 [Worker-21: Building] INFO  o.e.m.c.i.embedder.EclipseLogger - Using 'UTF-8' encoding to copy filtered resources.
2021-03-09 20:24:06,293 [Worker-21: Building] INFO  o.e.m.c.i.embedder.EclipseLogger - skip non existing resourceDirectory E:\Accolite\SAU-Feb-Batch-2\SpringMVC-Afternoon\ordermgmt\src\test\resources
2021-03-09 20:24:32,943 [Worker-24: Building] INFO  o.e.m.c.i.embedder.EclipseLogger - Using 'UTF-8' encoding to copy filtered resources.
2021-03-09 20:24:32,943 [Worker-24: Building] INFO  o.e.m.c.i.embedder.EclipseLogger - skip non existing resourceDirectory E:\Accolite\SAU-Feb-Batch-2\SpringMVC-Afternoon\ordermgmt\src\main\resources
2021-03-09 20:24:32,944 [Worker-24: Building] INFO  o.e.m.c.i.embedder.EclipseLogger - Using 'UTF-8' encoding to copy filtered resources.
2021-03-09 20:24:32,944 [Worker-24: Building] INFO  o.e.m.c.i.embedder.EclipseLogger - skip non existing resourceDirectory E:\Accolite\SAU-Feb-Batch-2\SpringMVC-Afternoon\ordermgmt\src\test\resources
2021-03-09 20:24:46,417 [Worker-21: Building] INFO  o.e.m.c.i.embedder.EclipseLogger - Using 'UTF-8' encoding to copy filtered resources.
2021-03-09 20:24:46,417 [Worker-21: Building] INFO  o.e.m.c.i.embedder.EclipseLogger - skip non existing resourceDirectory E:\Accolite\SAU-Feb-Batch-2\SpringMVC-Afternoon\ordermgmt\src\main\resources
2021-03-09 20:24:46,419 [Worker-21: Building] INFO  o.e.m.c.i.embedder.EclipseLogger - Using 'UTF-8' encoding to copy filtered resources.
2021-03-09 20:24:46,419 [Worker-21: Building] INFO  o.e.m.c.i.embedder.EclipseLogger - skip non existing resourceDirectory E:\Accolite\SAU-Feb-Batch-2\SpringMVC-Afternoon\ordermgmt\src\test\resources
2021-03-09 20:25:15,053 [Worker-19: Building] INFO  o.e.m.c.i.embedder.EclipseLogger - Using 'UTF-8' encoding to copy filtered resources.
2021-03-09 20:25:15,053 [Worker-19: Building] INFO  o.e.m.c.i.embedder.EclipseLogger - skip non existing resourceDirectory E:\Accolite\SAU-Feb-Batch-2\SpringMVC-Afternoon\ordermgmt\src\main\resources
2021-03-09 20:25:15,054 [Worker-19: Building] INFO  o.e.m.c.i.embedder.EclipseLogger - Using 'UTF-8' encoding to copy filtered resources.
2021-03-09 20:25:15,054 [Worker-19: Building] INFO  o.e.m.c.i.embedder.EclipseLogger - skip non existing resourceDirectory E:\Accolite\SAU-Feb-Batch-2\SpringMVC-Afternoon\ordermgmt\src\test\resources
2021-03-09 20:25:30,572 [Worker-19: Building] INFO  o.e.m.c.i.embedder.EclipseLogger - Using 'UTF-8' encoding to copy filtered resources.
2021-03-09 20:25:30,572 [Worker-19: Building] INFO  o.e.m.c.i.embedder.EclipseLogger - skip non existing resourceDirectory E:\Accolite\SAU-Feb-Batch-2\SpringMVC-Afternoon\ordermgmt\src\main\resources
2021-03-09 20:25:30,574 [Worker-19: Building] INFO  o.e.m.c.i.embedder.EclipseLogger - Using 'UTF-8' encoding to copy filtered resources.
2021-03-09 20:25:30,574 [Worker-19: Building] INFO  o.e.m.c.i.embedder.EclipseLogger - skip non existing resourceDirectory E:\Accolite\SAU-Feb-Batch-2\SpringMVC-Afternoon\ordermgmt\src\test\resources
2021-03-09 20:26:22,712 [Worker-21: Building] INFO  o.e.m.c.i.embedder.EclipseLogger - Using 'UTF-8' encoding to copy filtered resources.
2021-03-09 20:26:22,773 [Worker-21: Building] INFO  o.e.m.c.i.embedder.EclipseLogger - skip non existing resourceDirectory E:\Accolite\SAU-Feb-Batch-2\SpringMVC-Afternoon\ordermgmt\src\main\resources
2021-03-09 20:26:22,779 [Worker-21: Building] INFO  o.e.m.c.i.embedder.EclipseLogger - Using 'UTF-8' encoding to copy filtered resources.
2021-03-09 20:26:22,779 [Worker-21: Building] INFO  o.e.m.c.i.embedder.EclipseLogger - skip non existing resourceDirectory E:\Accolite\SAU-Feb-Batch-2\SpringMVC-Afternoon\ordermgmt\src\test\resources
2021-03-09 20:26:39,434 [Worker-24: Building] INFO  o.e.m.c.i.embedder.EclipseLogger - Using 'UTF-8' encoding to copy filtered resources.
2021-03-09 20:26:39,434 [Worker-24: Building] INFO  o.e.m.c.i.embedder.EclipseLogger - skip non existing resourceDirectory E:\Accolite\SAU-Feb-Batch-2\SpringMVC-Afternoon\ordermgmt\src\main\resources
2021-03-09 20:26:39,435 [Worker-24: Building] INFO  o.e.m.c.i.embedder.EclipseLogger - Using 'UTF-8' encoding to copy filtered resources.
2021-03-09 20:26:39,435 [Worker-24: Building] INFO  o.e.m.c.i.embedder.EclipseLogger - skip non existing resourceDirectory E:\Accolite\SAU-Feb-Batch-2\SpringMVC-Afternoon\ordermgmt\src\test\resources
2021-03-09 20:27:19,177 [Worker-19: Building] INFO  o.e.m.c.i.embedder.EclipseLogger - Using 'UTF-8' encoding to copy filtered resources.
2021-03-09 20:27:19,178 [Worker-19: Building] INFO  o.e.m.c.i.embedder.EclipseLogger - skip non existing resourceDirectory E:\Accolite\SAU-Feb-Batch-2\SpringMVC-Afternoon\ordermgmt\src\main\resources
2021-03-09 20:27:19,179 [Worker-19: Building] INFO  o.e.m.c.i.embedder.EclipseLogger - Using 'UTF-8' encoding to copy filtered resources.
2021-03-09 20:27:19,180 [Worker-19: Building] INFO  o.e.m.c.i.embedder.EclipseLogger - skip non existing resourceDirectory E:\Accolite\SAU-Feb-Batch-2\SpringMVC-Afternoon\ordermgmt\src\test\resources
2021-03-09 20:27:39,652 [Worker-24: Building] INFO  o.e.m.c.i.embedder.EclipseLogger - Using 'UTF-8' encoding to copy filtered resources.
2021-03-09 20:27:39,652 [Worker-24: Building] INFO  o.e.m.c.i.embedder.EclipseLogger - skip non existing resourceDirectory E:\Accolite\SAU-Feb-Batch-2\SpringMVC-Afternoon\ordermgmt\src\main\resources
2021-03-09 20:27:39,654 [Worker-24: Building] INFO  o.e.m.c.i.embedder.EclipseLogger - Using 'UTF-8' encoding to copy filtered resources.
2021-03-09 20:27:39,654 [Worker-24: Building] INFO  o.e.m.c.i.embedder.EclipseLogger - skip non existing resourceDirectory E:\Accolite\SAU-Feb-Batch-2\SpringMVC-Afternoon\ordermgmt\src\test\resources
2021-03-09 20:28:19,807 [Worker-23: Building] INFO  o.e.m.c.i.embedder.EclipseLogger - Using 'UTF-8' encoding to copy filtered resources.
2021-03-09 20:28:19,807 [Worker-23: Building] INFO  o.e.m.c.i.embedder.EclipseLogger - skip non existing resourceDirectory E:\Accolite\SAU-Feb-Batch-2\SpringMVC-Afternoon\ordermgmt\src\main\resources
2021-03-09 20:28:19,809 [Worker-23: Building] INFO  o.e.m.c.i.embedder.EclipseLogger - Using 'UTF-8' encoding to copy filtered resources.
2021-03-09 20:28:19,809 [Worker-23: Building] INFO  o.e.m.c.i.embedder.EclipseLogger - skip non existing resourceDirectory E:\Accolite\SAU-Feb-Batch-2\SpringMVC-Afternoon\ordermgmt\src\test\resources
